<?xml version="1.0" encoding="UTF-8"?>
<testng-results ignored="0" total="1" passed="1" failed="0" skipped="0">
  <reporter-output>
  </reporter-output>
  <suite started-at="2025-09-27T17:51:53 IST" name="Default suite" finished-at="2025-09-27T17:52:18 IST" duration-ms="25335">
    <groups>
    </groups>
    <test started-at="2025-09-27T17:51:53 IST" name="Default test" finished-at="2025-09-27T17:52:18 IST" duration-ms="25335">
      <class name="testCases.testRunner">
        <test-method is-config="true" signature="openBrowser()[pri:0, instance:testCases.testRunner@75437611]" started-at="2025-09-27T17:51:53 IST" name="openBrowser" finished-at="2025-09-27T17:52:00 IST" duration-ms="7532" status="PASS">
          <reporter-output>
          </reporter-output>
        </test-method> <!-- openBrowser -->
        <test-method signature="testCase_01()[pri:1, instance:testCases.testRunner@75437611]" started-at="2025-09-27T17:52:00 IST" name="testCase_01" finished-at="2025-09-27T17:52:17 IST" duration-ms="16668" status="PASS">
          <reporter-output>
          </reporter-output>
        </test-method> <!-- testCase_01 -->
        <test-method is-config="true" signature="tearDown()[pri:0, instance:testCases.testRunner@75437611]" started-at="2025-09-27T17:52:17 IST" name="tearDown" finished-at="2025-09-27T17:52:18 IST" duration-ms="1013" status="PASS">
          <reporter-output>
          </reporter-output>
        </test-method> <!-- tearDown -->
      </class> <!-- testCases.testRunner -->
    </test> <!-- Default test -->
  </suite> <!-- Default suite -->
</testng-results>
